==163== Memcheck, a memory error detector
==163== Copyright (C) 2002-2017, and GNU GPL'd, by Julian Seward et al.
==163== Using Valgrind-3.18.1 and LibVEX; rerun with -h for copyright info
==163== Command: /tmp/tmp7viz7682/student/zaj1Fraction/build//bin/tests
==163== 
Running main() from /tmp/tmp7viz7682/student/zaj1Fraction/tests/lib/googletest/src/gtest_main.cc
[==========] Running 12 tests from 1 test suite.
[----------] Global test environment set-up.
[----------] 12 tests from FractionTester
[ RUN      ] FractionTester.classFractionExists
/tmp/tmp7viz7682/student/zaj1Fraction/tests/fractionTests.cpp:45: Failure
Failed
Class not implemented!
[  FAILED  ] FractionTester.classFractionExists (53 ms)
[ RUN      ] FractionTester.hasNumeratorAndDenominator
/tmp/tmp7viz7682/student/zaj1Fraction/tests/fractionTests.cpp:63: Failure
Failed
Numerator and denominator not implemented!
[  FAILED  ] FractionTester.hasNumeratorAndDenominator (6 ms)
[ RUN      ] FractionTester.checkIfHasDefaultConstructor
/tmp/tmp7viz7682/student/zaj1Fraction/tests/fractionTests.cpp:72: Failure
Failed
Class not implemented!
[  FAILED  ] FractionTester.checkIfHasDefaultConstructor (2 ms)
[ RUN      ] FractionTester.hasConstructorWhichInitialiseNumeratorAndDenominator
/tmp/tmp7viz7682/student/zaj1Fraction/tests/fractionTests.cpp:93: Failure
Failed
Constructor not implemented!
[  FAILED  ] FractionTester.hasConstructorWhichInitialiseNumeratorAndDenominator (3 ms)
[ RUN      ] FractionTester.hasGettersAndSetters
/tmp/tmp7viz7682/student/zaj1Fraction/tests/fractionTests.cpp:112: Failure
Failed
Class not implemented!
[  FAILED  ] FractionTester.hasGettersAndSetters (2 ms)
[ RUN      ] FractionTester.hasPrintFunction
/tmp/tmp7viz7682/student/zaj1Fraction/tests/fractionTests.cpp:129: Failure
Failed
No function wypisz() implemented
[  FAILED  ] FractionTester.hasPrintFunction (3 ms)
[ RUN      ] FractionTester.counterOfDestructedFractionsImplemented
/tmp/tmp7viz7682/student/zaj1Fraction/tests/fractionTests.cpp:144: Failure
Failed
No static function implemented
[  FAILED  ] FractionTester.counterOfDestructedFractionsImplemented (3 ms)
[ RUN      ] FractionTester.saveImplemented
/tmp/tmp7viz7682/student/zaj1Fraction/tests/fractionTests.cpp:160: Failure
Failed
No static function implemented
[  FAILED  ] FractionTester.saveImplemented (2 ms)
[ RUN      ] FractionTester.loadImplemented
/tmp/tmp7viz7682/student/zaj1Fraction/tests/fractionTests.cpp:179: Failure
Failed
No static function implemented
[  FAILED  ] FractionTester.loadImplemented (3 ms)
[ RUN      ] FractionTester.fractionNameSettableFromConstructor
/tmp/tmp7viz7682/student/zaj1Fraction/tests/fractionTests.cpp:197: Failure
Failed
Function name not implemented!
[  FAILED  ] FractionTester.fractionNameSettableFromConstructor (3 ms)
[ RUN      ] FractionTester.fractionGettersAreConst
/tmp/tmp7viz7682/student/zaj1Fraction/tests/fractionTests.cpp:215: Failure
Failed
Function name not implemented!
[  FAILED  ] FractionTester.fractionGettersAreConst (3 ms)
[ RUN      ] FractionTester.fractionConstStaticFieldsImplemented
/tmp/tmp7viz7682/student/zaj1Fraction/tests/fractionTests.cpp:228: Failure
Failed
No static function implemented
[  FAILED  ] FractionTester.fractionConstStaticFieldsImplemented (2 ms)
[----------] 12 tests from FractionTester (105 ms total)

[----------] Global test environment tear-down
[==========] 12 tests from 1 test suite ran. (162 ms total)
[  PASSED  ] 0 tests.
[  FAILED  ] 12 tests, listed below:
[  FAILED  ] FractionTester.classFractionExists
[  FAILED  ] FractionTester.hasNumeratorAndDenominator
[  FAILED  ] FractionTester.checkIfHasDefaultConstructor
[  FAILED  ] FractionTester.hasConstructorWhichInitialiseNumeratorAndDenominator
[  FAILED  ] FractionTester.hasGettersAndSetters
[  FAILED  ] FractionTester.hasPrintFunction
[  FAILED  ] FractionTester.counterOfDestructedFractionsImplemented
[  FAILED  ] FractionTester.saveImplemented
[  FAILED  ] FractionTester.loadImplemented
[  FAILED  ] FractionTester.fractionNameSettableFromConstructor
[  FAILED  ] FractionTester.fractionGettersAreConst
[  FAILED  ] FractionTester.fractionConstStaticFieldsImplemented

12 FAILED TESTS
==163== 
==163== HEAP SUMMARY:
==163==     in use at exit: 0 bytes in 0 blocks
==163==   total heap usage: 642 allocs, 642 frees, 184,311 bytes allocated
==163== 
==163== All heap blocks were freed -- no leaks are possible
==163== 
==163== For lists of detected and suppressed errors, rerun with: -s
==163== ERROR SUMMARY: 0 errors from 0 contexts (suppressed: 0 from 0)
